dx	3.71767N pr	572 62 Q -2.10566e+06 sigma 0.001 pRMS 38172.2 vRMS 0.645539 stepKS 0.01
dx	0.49979N pr	789 62 Q 1.96432e+06 sigma 0.001 pRMS 20370.1 vRMS 4.84987 stepKS 0.01
dx	0.600652N pr	934 62 Q -1.94741e+06 sigma 0.001 pRMS 36947.8 vRMS 15.9596 stepKS 0.01
dx	0.231721N pr	1079 62 Q 1.93916e+06 sigma 0.001 pRMS 12886.8 vRMS 10.6023 stepKS 0.01
dx	0.0750387N pr	1231 62 Q -1.9288e+06 sigma 0.001 pRMS 10133.5 vRMS 6.09024 stepKS 0.01
dx	0.114609N pr	1340 62 Q 1.91942e+06 sigma 0.001 pRMS 5161.91 vRMS 6.72323 stepKS 0.01
dx	0.177245N pr	1449 62 Q -1.91127e+06 sigma 0.001 pRMS 6837.92 vRMS 12.2729 stepKS 0.01
dx	0.0998565N pr	1565 62 Q 1.90726e+06 sigma 0.001 pRMS 6255.68 vRMS 8.97996 stepKS 0.01
dx	0.12879N pr	1681 62 Q -1.89982e+06 sigma 0.001 pRMS 5534.05 vRMS 20.7387 stepKS 0.01
dx	0.0696936N pr	1790 58 Q 1.89779e+06 sigma 0.001 pRMS 3627.78 vRMS 7.67253 stepKS 0.01
dx	0.169094N pr	1899 62 Q -1.89139e+06 sigma 0.001 pRMS 2332.97 vRMS 5.33643 stepKS 0.01
dx	0.130076N pr	2624 56 Q 1.88356e+06 sigma 0.001 pRMS 3900.41 vRMS 9.84078 stepKS 0.01
dx	0.0870513N pr	2733 56 Q -1.87751e+06 sigma 0.001 pRMS 2911.59 vRMS 20.6966 stepKS 0.01
dx	0.0439694N pr	2842 62 Q 1.8757e+06 sigma 0.001 pRMS 3348.82 vRMS 7.19305 stepKS 0.01
dx	0.0958747N pr	2951 62 Q -1.86885e+06 sigma 0.001 pRMS 1855.41 vRMS 8.81184 stepKS 0.01
dx	0.0569545N pr	3067 62 Q 1.86482e+06 sigma 0.001 pRMS 3447.68 vRMS 7.11006 stepKS 0.01
dx	0.0704444N pr	3176 62 Q -1.85656e+06 sigma 0.001 pRMS 2063.21 vRMS 7.02482 stepKS 0.01
dx	0.161284N pr	3285 60 Q 1.85098e+06 sigma 0.001 pRMS 1926.75 vRMS 11.1489 stepKS 0.01
dx	0.122593N pr	3394 58 Q -1.84659e+06 sigma 0.001 pRMS 1347.51 vRMS 4.21865 stepKS 0.01
dx	0.261922N pr	3503 58 Q 1.83563e+06 sigma 0.001 pRMS 3029.66 vRMS 7.86234 stepKS 0.01
dx	0.0354173N pr	3612 58 Q -1.82647e+06 sigma 0.001 pRMS 1746.54 vRMS 8.26406 stepKS 0.01
dx	0.0237515N pr	3721 60 Q 1.81534e+06 sigma 0.001 pRMS 1683.7 vRMS 5.10419 stepKS 0.01
dx	0.107998N pr	3830 58 Q -1.8064e+06 sigma 0.001 pRMS 818.598 vRMS 4.52136 stepKS 0.01
dx	0.342851N pr	3939 58 Q 1.79559e+06 sigma 0.001 pRMS 2125.17 vRMS 6.31345 stepKS 0.01
dx	0.343849N pr	4048 60 Q -1.78502e+06 sigma 0.001 pRMS 1872.91 vRMS 5.54629 stepKS 0.01
dx	0.052988N pr	4157 62 Q 1.77105e+06 sigma 0.001 pRMS 1296.59 vRMS 6.25179 stepKS 0.01
dx	0.413683N pr	4266 62 Q -1.76048e+06 sigma 0.001 pRMS 600.975 vRMS 2.84184 stepKS 0.01
dx	0.197429N pr	4481 44 Q 1.74629e+06 sigma 0.001 pRMS 403.644 vRMS 0.287073 stepKS 0.01
Nrp = 4481

dSV:	2.227718317765e+00	-2.814117081842e+00	2.852211086720e-01	-2.008597732583e-10	2.094567630451e-09	-8.127920558820e-10	

T_e	276616800	SVe	2.674764094628e+04	4.366494423139e+03	7.405334963376e+03	-8.084351957355e+00	1.347432093619e+00	-1.236509739698e+00	
