Initial state:	630057.4554041028022766	-121195.4845165424048901	90276.5527272950857878	  -6.2539416656883002	   1.3145617739061000	  -0.8538140352175000	
Initial elts:	  -0.0000660530562151	   1.5790647921332928	  23.5652816702432091	 330.2921294120887978	 148.6291719863795038	-3559.0600226675292106	
1--
dx -24.002464	-49.623722	-30.368677	0.000279	0.000486	0.000311	
N_rp 2517	N obs 1718 sigma1 1.27903 sigma2 13.9418 pRMS 10.8377 vRMS 0.000122762
AstroObsStat:	RMS	19.7224	 RMS_RA	17.7839	 RMS_dec	8.52669
2--
dx 0.000786	0.001131	0.001262	-0.000000	-0.000000	-0.000000	
N_rp 4890	N obs 1718 sigma1 1.27903 sigma2 1.27717 pRMS 10.838 vRMS 0.000122765
AstroObsStat:	RMS	1.80672	 RMS_RA	1.71716	 RMS_dec	0.561774
3--
dx 1.960513	0.400563	0.227875	-0.000027	-0.000005	-0.000003	
N_rp 7306	N obs 1662 sigma1 0.985902 sigma2 0.988454 pRMS 8.39451 vRMS 9.50724e-05
AstroObsStat:	RMS	1.39831	 RMS_RA	1.29842	 RMS_dec	0.519003
4--
dx -1.186457	0.367370	-0.232104	0.000013	-0.000004	0.000003	
N_rp 9761	N obs 1612 sigma1 0.860452 sigma2 0.859333 pRMS 7.41126 vRMS 8.3936e-05
AstroObsStat:	RMS	1.21566	 RMS_RA	1.10983	 RMS_dec	0.496096
5--
dx -4.651878	0.774826	-0.722512	0.000054	-0.000009	0.000008	
N_rp 12273	N obs 1588 sigma1 0.819355 sigma2 0.818354 pRMS 7.09939 vRMS 8.04053e-05
AstroObsStat:	RMS	1.15769	 RMS_RA	1.04942	 RMS_dec	0.488838
6--
dx -2.382037	0.337092	-0.373156	0.000028	-0.000004	0.000004	
N_rp 14714	N obs 1578 sigma1 0.804917 sigma2 0.803691 pRMS 7.00801 vRMS 7.93831e-05
AstroObsStat:	RMS	1.13695	 RMS_RA	1.02698	 RMS_dec	0.487832
Final state:	630027.1938664754852653	-121243.2272568396438146	90245.0854144969634945	  -6.2535954198502033	   1.3150263057741491	  -0.8534909431116060	
Final elts:	-9882.3049694809233188	   1.5789826185796325	  23.5668442610043840	 330.2950614054359448	 148.6236276466864012	-3558.5747867218360625	
Stat:	Numobs	789	sigma	0.805	pRMS	7.01	vRMS	7.94e-05
Nrp=	17100
RMS(te)
3.910050692675e-01	3.029494182226e-02	5.313788107878e-02	6.724398257813e-05	1.015637585720e-05	9.729941884796e-06	
