iter 6	
2008 10 06 06:40:55.8703432	 2.7654725587034e+08 G96 0.237081 0.115504
2008 10 06 06:55:15.5503432	 2.7654811555034e+08 G96 -0.152101 0.052586
2008 10 06 07:09:46.4623432	 2.7654898646234e+08 G96 -0.509421 -0.204984
2008 10 06 07:24:10.4623432	 2.7654985046234e+08 G96 -0.087208 0.005612
2008 10 06 07:44:45.1183432	 2.7655108511834e+08 G96 -0.060605 0.038094
2008 10 06 08:02:29.5663432	 2.7655214956634e+08 G96 -0.150501 0.063106
2008 10 06 08:18:32.9263432	 2.7655311292634e+08 854 -1.102044 1.148831
2008 10 06 08:20:17.4703432	 2.7655321747034e+08 G96 -0.096706 0.047613
2008 10 06 08:23:25.8223432	 2.7655340582234e+08 854 -0.100234 -0.044205
2008 10 06 08:28:17.8543432	 2.7655369785434e+08 854 -0.301836 1.188037
2008 10 06 08:38:06.2383432	 2.7655428623834e+08 G96 -0.188838 0.169719
2008 10 06 09:01:45.7903432	 2.7655570579034e+08 G96 0.162293 0.090877
2008 10 06 09:02:17.7583432	 2.7655573775834e+08 G96 0.315123 -0.036202
2008 10 06 09:02:48.8623432	 2.7655576886234e+08 G96 0.250575 0.030749
2008 10 06 09:03:19.9663432	 2.7655579996634e+08 G96 0.326306 -0.000915
2008 10 06 14:40:17.5663432	 2.7657601756634e+08 D90 -0.066287 -0.664869
2008 10 06 14:44:10.8463432	 2.7657625084634e+08 D90 -0.115302 -0.302826
2008 10 06 14:48:05.8543432	 2.7657648585434e+08 D90 -0.940823 0.163005
2008 10 06 15:19:19.8703432	 2.7657835987034e+08 E12 -0.109030 -0.909939
2008 10 06 15:19:50.9743432	 2.7657839097434e+08 E12 -0.055045 -0.710880
2008 10 06 15:20:22.0783432	 2.7657842207834e+08 E12 -0.011541 -0.613903
2008 10 06 15:20:52.3183432	 2.7657845231834e+08 E12 0.390765 0.070042
2008 10 06 15:21:23.4223432	 2.7657848342234e+08 E12 1.005612 -0.437114
2008 10 06 15:24:17.9503432	 2.7657865795034e+08 E12 -0.102400 -1.172211
2008 10 06 15:24:49.0543432	 2.7657868905434e+08 E12 -0.743257 -0.893484
2008 10 06 15:25:18.4303432	 2.7657871843034e+08 E12 0.088896 -1.037791
2008 10 06 17:22:55.5823432	 2.7658577558234e+08 114 0.105861 0.556806
2008 10 06 17:24:16.7983432	 2.7658585679834e+08 114 -0.410228 0.391459
2008 10 06 17:25:41.4703432	 2.7658594147034e+08 114 -0.251692 0.907727
2008 10 06 17:27:03.5503432	 2.7658602355034e+08 114 0.156529 0.818886
2008 10 06 17:28:17.8543432	 2.7658609785434e+08 114 -1.176336 0.506823
2008 10 06 17:44:45.4063432	 2.7658708540634e+08 114 0.146040 0.505779
2008 10 06 17:46:09.2143432	 2.7658716921434e+08 114 0.185873 0.716431
2008 10 06 17:47:33.0223432	 2.7658725302234e+08 114 0.121677 0.432285
2008 10 06 17:48:55.9663432	 2.7658733596634e+08 114 0.308394 0.683100
2008 10 06 17:54:26.8783432	 2.7658766687834e+08 106 -0.543490 -0.454167
2008 10 06 17:56:47.7103432	 2.7658780771034e+08 106 -2.302702 0.241204
2008 10 06 17:56:58.9423432	 2.7658781894234e+08 114 -0.015939 0.901422
2008 10 06 17:57:58.5583432	 2.7658787855834e+08 106 -2.271542 -1.179777
2008 10 06 17:58:22.7503432	 2.7658790275034e+08 114 -0.049371 0.561352
2008 10 06 17:59:47.4223432	 2.7658798742234e+08 114 0.199461 0.398275
2008 10 06 18:01:09.5023432	 2.7658806950234e+08 114 0.354649 0.528971
2008 10 06 18:02:23.8063432	 2.7658814380634e+08 114 -0.303479 0.327317
2008 10 06 18:18:38.3983432	 2.7658911839834e+08 143 -0.903882 -0.017385
2008 10 06 18:26:02.4943432	 2.7658956249434e+08 143 -0.473678 -0.086302
2008 10 06 18:32:56.3503432	 2.7658997635034e+08 143 -0.327483 -0.175425
2008 10 06 18:40:36.8623432	 2.7659043686234e+08 143 -0.707467 -0.070418
2008 10 06 18:47:24.6703432	 2.7659084467034e+08 A77 -0.631718 1.076498
2008 10 06 18:47:53.1823432	 2.7659087318234e+08 A77 -1.007781 0.552750
2008 10 06 18:49:55.8703432	 2.7659099587034e+08 595 -0.766671 0.405322
2008 10 06 18:50:18.3343432	 2.7659101833434e+08 143 -0.533350 -0.082729
2008 10 06 18:51:12.7663432	 2.7659107276634e+08 620 -0.548659 0.329770
2008 10 06 18:51:16.2223432	 2.7659107622234e+08 A77 -0.564992 0.709173
2008 10 06 18:55:53.5663432	 2.7659135356634e+08 A77 -2.690063 -0.136723
2008 10 06 18:56:09.9823432	 2.7659136998234e+08 595 -0.322536 0.949563
2008 10 06 19:02:24.9583432	 2.7659174495834e+08 595 -0.716292 0.591120
2008 10 06 19:04:16.4143432	 2.7659185641434e+08 143 -0.498123 -0.038481
2008 10 06 19:07:00.5743432	 2.7659202057434e+08 A77 -2.559938 -0.174533
2008 10 06 19:08:41.6623432	 2.7659212166234e+08 620 -0.390790 0.038508
2008 10 06 19:14:50.5903432	 2.7659249059034e+08 620 0.119349 -0.020212
2008 10 06 19:19:06.3343432	 2.7659274633434e+08 620 -1.437859 -0.136869
2008 10 06 19:20:09.4063432	 2.7659280940634e+08 143 -0.321826 0.036067
2008 10 06 19:20:51.7423432	 2.7659285174234e+08 J95 -0.699456 -0.022521
2008 10 06 19:21:43.5823432	 2.7659290358234e+08 J95 -0.707074 -0.217927
2008 10 06 19:29:55.1983432	 2.7659339519834e+08 J95 -0.389457 0.012288
2008 10 06 19:34:48.9583432	 2.7659368895834e+08 143 -0.297586 -0.088649
2008 10 06 19:36:00.6703432	 2.7659376067034e+08 J95 -0.542432 -0.269793
2008 10 06 19:38:02.4943432	 2.7659388249434e+08 204 -0.553901 -0.163830
2008 10 06 19:38:41.3743432	 2.7659392137434e+08 J95 -0.183905 0.085735
2008 10 06 19:39:08.1583432	 2.7659394815834e+08 204 -0.490561 -0.213953
2008 10 06 19:40:13.8223432	 2.7659401382234e+08 204 -0.289691 -0.162224
2008 10 06 19:41:19.4863432	 2.7659407948634e+08 204 -0.249088 -0.108579
2008 10 06 19:42:25.1503432	 2.7659414515034e+08 204 -0.369291 0.047046
2008 10 06 19:43:30.8143432	 2.7659421081434e+08 204 -0.650844 -0.195284
2008 10 06 19:46:29.6623432	 2.7659438966234e+08 620 -0.858888 -0.066617
2008 10 06 19:49:16.4143432	 2.7659455641434e+08 143 -0.312269 -0.098221
2008 10 06 19:50:43.6783432	 2.7659464367834e+08 620 -0.044742 -0.089348
2008 10 06 19:51:49.3423432	 2.7659470934234e+08 204 -0.529992 -0.123289
2008 10 06 19:52:55.0063432	 2.7659477500634e+08 204 -0.498427 -0.145295
2008 10 06 19:54:00.6703432	 2.7659484067034e+08 204 -0.782427 0.035394
2008 10 06 19:55:06.3343432	 2.7659490633434e+08 204 -0.490839 -0.081154
2008 10 06 19:58:58.7503432	 2.7659513875034e+08 204 -0.676284 0.034848
2008 10 06 20:00:09.5983432	 2.7659520959834e+08 620 0.049055 -0.014115
2008 10 06 20:03:30.0463432	 2.7659541004634e+08 143 -0.243346 -0.091291
2008 10 06 20:03:42.1423432	 2.7659542214234e+08 473 -0.405931 0.559728
2008 10 06 20:06:06.4303432	 2.7659556643034e+08 046 -0.478927 0.419279
2008 10 06 20:06:40.1263432	 2.7659560012634e+08 046 -0.052770 -0.294578
2008 10 06 20:07:13.8223432	 2.7659563382234e+08 046 -0.081392 0.093956
2008 10 06 20:07:49.2463432	 2.7659566924634e+08 046 0.099972 -0.051399
2008 10 06 20:09:45.0223432	 2.7659578502234e+08 620 -0.255008 0.056345
2008 10 06 20:10:53.2783432	 2.7659585327834e+08 473 -0.446573 0.213683
2008 10 06 20:13:46.9423432	 2.7659602694234e+08 J75 -0.544795 0.078093
2008 10 06 20:14:26.6863432	 2.7659606668634e+08 620 -0.075962 -0.029673
2008 10 06 20:14:40.5103432	 2.7659608051034e+08 046 -0.536566 -0.204255
2008 10 06 20:15:53.9503432	 2.7659615395034e+08 046 0.159515 -0.573587
2008 10 06 20:16:25.0543432	 2.7659618505434e+08 143 -0.095361 -0.140422
2008 10 06 20:16:57.8863432	 2.7659621788634e+08 046 0.241882 0.357456
2008 10 06 20:18:54.5263432	 2.7659633452634e+08 046 -0.026112 0.267366
2008 10 06 20:19:21.3103432	 2.7659636131034e+08 J75 0.297067 0.389554
2008 10 06 20:19:48.0943432	 2.7659638809434e+08 046 0.184855 0.226552
2008 10 06 20:20:39.9343432	 2.7659643993434e+08 046 -0.434427 0.125949
2008 10 06 20:21:18.8143432	 2.7659647881434e+08 046 -0.247927 0.479819
2008 10 06 20:22:22.7503432	 2.7659654275034e+08 473 -0.100495 0.116722
2008 10 06 20:23:09.4063432	 2.7659658940634e+08 213 -0.831770 0.566002
2008 10 06 20:23:21.5023432	 2.7659660150234e+08 620 0.035128 0.074549
2008 10 06 20:25:12.9583432	 2.7659671295834e+08 213 -0.731371 0.492203
2008 10 06 20:25:37.1503432	 2.7659673715034e+08 J75 0.808799 0.371986
2008 10 06 20:28:24.7663432	 2.7659690476634e+08 473 -0.376668 0.083272
2008 10 06 20:30:51.6463432	 2.7659705164634e+08 046 0.441411 -0.366627
2008 10 06 20:31:46.0783432	 2.7659710607834e+08 046 0.173761 -0.023537
2008 10 06 20:32:18.9103432	 2.7659713891034e+08 620 0.584765 0.022652
2008 10 06 20:34:26.7823432	 2.7659726678234e+08 046 0.200325 0.099244
2008 10 06 20:34:50.9743432	 2.7659729097434e+08 J75 0.029089 0.309015
2008 10 06 20:35:12.5743432	 2.7659731257434e+08 046 0.770534 -0.278802
2008 10 06 20:35:23.8063432	 2.7659732380634e+08 473 -0.230550 -0.122614
2008 10 06 20:35:58.3663432	 2.7659735836634e+08 213 -0.376496 -0.150848
2008 10 06 20:37:00.5743432	 2.7659742057434e+08 620 0.547463 0.014918
2008 10 06 20:41:26.6863432	 2.7659768668634e+08 143 0.432655 -0.129548
2008 10 06 20:45:52.7983432	 2.7659795279834e+08 J75 0.637203 0.231635
2008 10 06 20:46:26.4943432	 2.7659798649434e+08 620 -0.372115 -0.080965
2008 10 06 20:46:29.0863432	 2.7659798908634e+08 213 -0.282533 -0.127617
2008 10 06 20:48:40.4143432	 2.7659812041434e+08 198 -0.021547 0.188841
2008 10 06 20:49:33.9823432	 2.7659817398234e+08 198 -0.022193 0.120646
2008 10 06 20:52:09.5023432	 2.7659832950234e+08 198 -0.936482 0.064426
2008 10 06 20:52:33.6943432	 2.7659835369434e+08 143 0.299898 -0.071799
2008 10 06 20:53:06.5263432	 2.7659838652634e+08 213 0.017447 -0.081323
2008 10 06 20:54:57.1183432	 2.7659849711834e+08 198 0.550653 0.047239
2008 10 06 20:55:55.0063432	 2.7659855500634e+08 620 -0.134034 0.105988
2008 10 06 20:57:38.6863432	 2.7659865868634e+08 213 -0.571674 -0.853807
2008 10 06 21:01:21.5983432	 2.7659888159834e+08 J75 0.290831 0.204224
2008 10 06 21:02:04.7983432	 2.7659892479834e+08 143 0.101786 -0.004366
2008 10 06 21:03:35.5183432	 2.7659901551834e+08 213 -0.150547 0.019651
2008 10 06 21:05:53.7583432	 2.7659915375834e+08 213 -0.215408 -0.365453
2008 10 06 21:07:02.3599432	 2.7659922235994e+08 084 0.421551 0.167241
2008 10 06 21:09:21.5503432	 2.7659936155034e+08 084 1.916366 0.125472
2008 10 06 21:09:37.5343432	 2.7659937753434e+08 J47 -0.474586 0.145842
2008 10 06 21:09:40.9903432	 2.7659938099034e+08 620 -0.311556 0.007010
2008 10 06 21:10:18.1423432	 2.7659941814234e+08 J47 -0.445807 0.164192
2008 10 06 21:11:36.7663432	 2.7659949676634e+08 235 1.027826 0.159856
2008 10 06 21:11:38.4943432	 2.7659949849434e+08 J75 -0.097030 0.112207
2008 10 06 21:14:02.1775432	 2.7659964217754e+08 084 -0.557929 0.610196
2008 10 06 21:14:18.3343432	 2.7659965833434e+08 J47 -0.160376 0.399076
2008 10 06 21:15:06.7183432	 2.7659970671834e+08 213 -0.035948 0.057685
2008 10 06 21:15:13.9759432	 2.7659971397594e+08 084 -2.458751 0.121313
2008 10 06 21:16:17.5663432	 2.7659977756634e+08 J47 -0.095059 0.488161
2008 10 06 21:16:33.1183432	 2.7659979311834e+08 143 0.301632 -0.146954
2008 10 06 21:18:16.7983432	 2.7659989679834e+08 J47 -0.422751 0.127459
2008 10 06 21:20:11.2783432	 2.7660001127834e+08 084 2.006926 -0.294100
2008 10 06 21:21:44.1583432	 2.7660010415834e+08 J47 -0.110822 0.202489
2008 10 06 21:23:15.7423432	 2.7660019574234e+08 J47 -0.057260 -0.092623
2008 10 06 21:23:31.2943432	 2.7660021129434e+08 143 0.333485 -0.316368
2008 10 06 21:25:18.4303432	 2.7660031843034e+08 J47 0.063713 0.102367
2008 10 06 21:25:36.5743432	 2.7660033657434e+08 235 1.253145 -0.146128
2008 10 06 21:27:05.5663432	 2.7660042556634e+08 J47 -0.859341 -0.240042
2008 10 06 21:27:18.5263432	 2.7660043852634e+08 J47 -0.216377 -0.116079
2008 10 06 21:28:42.3343432	 2.7660052233434e+08 J47 -0.020985 -0.180731
2008 10 06 21:28:51.8383432	 2.7660053183834e+08 143 0.177875 -0.084742
2008 10 06 21:28:51.8383432	 2.7660053183834e+08 J75 0.082619 0.115971
2008 10 06 21:30:15.6463432	 2.7660061564634e+08 J47 -0.143132 -0.014765
2008 10 06 21:30:24.2863432	 2.7660062428634e+08 J47 -0.095294 0.149202
2008 10 06 21:30:39.8383432	 2.7660063983834e+08 204 -0.255559 -0.392386
2008 10 06 21:31:16.9903432	 2.7660067699034e+08 J47 0.086791 0.160553
2008 10 06 21:32:57.2143432	 2.7660077721434e+08 204 0.015852 -0.675412
2008 10 06 21:34:14.1103432	 2.7660085411034e+08 204 -0.195184 -0.481037
2008 10 06 21:34:27.9343432	 2.7660086793434e+08 J47 -0.027426 -0.228129
2008 10 06 21:34:53.8543432	 2.7660089385434e+08 J47 0.259483 -0.016185
2008 10 06 21:35:08.5423432	 2.7660090854234e+08 204 -0.101372 -0.331773
2008 10 06 21:35:51.7423432	 2.7660095174234e+08 J47 -0.190735 -0.315406
2008 10 06 21:36:11.6143432	 2.7660097161434e+08 204 -0.482651 -0.217575
2008 10 06 21:36:13.9471432	 2.7660097394714e+08 084 -0.040558 -0.662471
2008 10 06 21:37:49.0735432	 2.7660106907354e+08 084 2.495140 -0.297371
2008 10 06 21:38:30.3727432	 2.7660111037274e+08 084 -1.460888 0.003109
2008 10 06 21:39:11.8447432	 2.7660115184474e+08 084 -2.435624 0.936954
2008 10 06 21:39:53.2303432	 2.7660119323034e+08 084 0.858422 -0.415225
2008 10 06 21:41:01.9183432	 2.7660126191834e+08 J75 0.031457 0.169521
2008 10 06 21:42:52.5103432	 2.7660137251034e+08 J47 -0.218663 -0.070247
2008 10 06 21:43:53.8543432	 2.7660143385434e+08 J47 -0.234408 0.036724
2008 10 06 21:44:28.4143432	 2.7660146841434e+08 J47 -0.154622 0.140434
2008 10 06 21:44:46.5583432	 2.7660148655834e+08 J47 -0.066529 0.023693
2008 10 06 21:45:23.7103432	 2.7660152371034e+08 J53 0.042647 -0.139186
2008 10 06 21:45:34.9423432	 2.7660153494234e+08 A77 -0.799006 0.033693
2008 10 06 21:45:56.5423432	 2.7660155654234e+08 J47 0.018057 0.004707
2008 10 06 21:46:18.1423432	 2.7660157814234e+08 A77 -1.293737 -0.154328
2008 10 06 21:47:00.4783432	 2.7660162047834e+08 A77 -0.360752 -0.001379
2008 10 06 21:47:43.6783432	 2.7660166367834e+08 A77 -0.085177 0.317190
2008 10 06 21:48:26.8783432	 2.7660170687834e+08 A77 1.019738 0.039145
2008 10 06 21:48:41.5663432	 2.7660172156634e+08 J47 0.031217 -0.121163
2008 10 06 21:49:10.0783432	 2.7660175007834e+08 A77 2.210450 0.164525
2008 10 06 21:49:52.4143432	 2.7660179241434e+08 A77 1.859725 0.630758
2008 10 06 21:50:30.4303432	 2.7660183043034e+08 J47 -0.224886 -0.151569
2008 10 06 21:50:35.6143432	 2.7660183561434e+08 A77 0.546935 0.263035
2008 10 06 21:50:52.0303432	 2.7660185203034e+08 213 -0.499586 -0.264558
2008 10 06 21:51:02.3983432	 2.7660186239834e+08 J53 -0.287644 -0.200465
2008 10 06 21:51:18.8143432	 2.7660187881434e+08 A77 -0.087670 0.198855
2008 10 06 21:51:32.6383432	 2.7660189263834e+08 J53 0.090413 -0.009177
2008 10 06 21:51:42.1423432	 2.7660190214234e+08 J47 -0.149783 0.073077
2008 10 06 21:52:02.0143432	 2.7660192201434e+08 A77 -1.530555 -0.061742
2008 10 06 21:52:45.2143432	 2.7660196521434e+08 A77 -0.810791 -0.018715
2008 10 06 21:53:27.5503432	 2.7660200755034e+08 A77 -0.886308 0.065008
2008 10 06 21:53:52.6063432	 2.7660203260634e+08 213 -0.271289 -0.395358
2008 10 06 21:54:10.7503432	 2.7660205075034e+08 A77 0.146417 0.115333
2008 10 06 21:54:53.9503432	 2.7660209395034e+08 A77 1.556800 0.269407
2008 10 06 21:55:26.7823432	 2.7660212678234e+08 213 -0.234970 -0.174543
2008 10 06 21:55:37.1503432	 2.7660213715034e+08 A77 1.561200 0.527270
2008 10 06 21:56:19.4863432	 2.7660217948634e+08 A77 0.921631 0.225696
2008 10 06 21:56:30.7183432	 2.7660219071834e+08 J47 -0.046475 0.116645
2008 10 06 21:57:01.8223432	 2.7660222182234e+08 J47 -0.330244 -0.149428
2008 10 06 21:57:02.6863432	 2.7660222268634e+08 A77 0.936375 0.291192
2008 10 06 21:57:35.5183432	 2.7660225551834e+08 J51 -0.877106 -0.601297
2008 10 06 21:57:45.8863432	 2.7660226588634e+08 A77 -0.011223 0.160607
2008 10 06 21:58:26.4943432	 2.7660230649434e+08 J51 -0.055084 -0.180956
2008 10 06 21:58:33.4063432	 2.7660231340634e+08 J47 -0.118871 0.114094
2008 10 06 21:59:23.5183432	 2.7660236351834e+08 J51 0.291811 -0.263757
2008 10 06 21:59:35.6143432	 2.7660237561434e+08 J47 -0.088649 -0.142358
2008 10 06 22:00:41.2783432	 2.7660244127834e+08 J47 0.093494 0.347616
2008 10 06 22:01:38.3023432	 2.7660249830234e+08 J47 0.092581 0.024016
2008 10 06 22:02:44.8303432	 2.7660256483034e+08 J47 0.166006 -0.081515
2008 10 06 22:03:07.2943432	 2.7660258729434e+08 213 -0.300972 -0.120765
2008 10 06 22:03:46.1743432	 2.7660262617434e+08 J47 0.498605 -0.193718
2008 10 06 22:04:29.2015432	 2.7660266920154e+08 J95 -0.301290 -0.518853
2008 10 06 22:04:43.1983432	 2.7660268319834e+08 J47 -0.481330 -0.276044
2008 10 06 22:05:30.7183432	 2.7660273071834e+08 213 -0.157558 -0.208807
2008 10 06 22:06:00.0943432	 2.7660276009434e+08 J47 0.023102 -0.208438
2008 10 06 22:06:44.1583432	 2.7660280415834e+08 J47 0.043240 -0.122153
2008 10 06 22:07:29.9503432	 2.7660284995034e+08 213 0.028253 -0.083322
2008 10 06 22:07:36.8623432	 2.7660285686234e+08 J75 0.972063 -0.128629
2008 10 06 22:07:43.5151432	 2.7660286351514e+08 J95 -0.400444 -0.230246
2008 10 06 22:08:46.8463432	 2.7660292684634e+08 J47 0.480960 0.342294
2008 10 06 22:09:10.1743432	 2.7660295017434e+08 952 0.552166 -1.366432
2008 10 06 22:09:46.4623432	 2.7660298646234e+08 213 -0.233149 -0.417260
2008 10 06 22:09:49.0543432	 2.7660298905434e+08 J47 -0.176499 0.103654
2008 10 06 22:10:32.2543432	 2.7660303225434e+08 J47 0.168292 0.112593
2008 10 06 22:10:52.3855432	 2.7660305238554e+08 J95 -0.384137 -0.325389
2008 10 06 22:11:24.9583432	 2.7660308495834e+08 952 0.210075 -1.359424
2008 10 06 22:12:08.6767432	 2.7660312867674e+08 084 -0.781207 0.391771
2008 10 06 22:12:51.3583432	 2.7660317135834e+08 084 -0.878770 0.234866
2008 10 06 22:13:01.7263432	 2.7660318172634e+08 473 0.069989 -0.261690
2008 10 06 22:13:32.9167432	 2.7660321291674e+08 084 -0.988903 0.490401
2008 10 06 22:13:43.1983432	 2.7660322319834e+08 952 0.618895 -0.936077
2008 10 06 22:14:07.3903432	 2.7660324739034e+08 A77 0.810670 0.429645
2008 10 06 22:14:14.2159432	 2.7660325421594e+08 084 0.401446 0.047686
2008 10 06 22:14:35.0383432	 2.7660327503834e+08 A77 0.384420 0.125958
2008 10 06 22:14:37.6303432	 2.7660327763034e+08 143 0.329194 -0.511823
2008 10 06 22:14:55.7743432	 2.7660329577434e+08 084 1.695168 0.261632
2008 10 06 22:15:32.9263432	 2.7660333292634e+08 A77 1.163855 0.321947
2008 10 06 22:15:34.3951432	 2.7660333439514e+08 J95 -0.354975 -0.356027
2008 10 06 22:15:37.2463432	 2.7660333724634e+08 084 2.170230 -0.304065
2008 10 06 22:15:54.5263432	 2.7660335452634e+08 473 0.246716 -0.174641
2008 10 06 22:16:02.3023432	 2.7660336230234e+08 A77 -0.100048 0.156321
2008 10 06 22:16:18.6319432	 2.7660337863194e+08 084 -0.405426 0.150630
2008 10 06 22:16:31.6783432	 2.7660339167834e+08 A77 0.524833 0.193125
2008 10 06 22:16:59.9311432	 2.7660341993114e+08 084 -1.270746 0.525755
2008 10 06 22:17:00.1903432	 2.7660342019034e+08 A77 0.133258 0.366482
2008 10 06 22:17:27.8383432	 2.7660344783834e+08 143 0.432834 -0.538563
2008 10 06 22:17:32.1583432	 2.7660345215834e+08 213 -0.260660 -0.799194
2008 10 06 22:17:58.0783432	 2.7660347807834e+08 A77 -0.098534 0.286220
2008 10 06 22:18:04.6447432	 2.7660348464474e+08 084 1.813869 -0.201709
2008 10 06 22:18:27.4543432	 2.7660350745434e+08 A77 -0.238986 0.232782
2008 10 06 22:18:46.2031432	 2.7660352620314e+08 084 -2.469879 1.179341
2008 10 06 22:18:48.1903432	 2.7660352819034e+08 473 0.491214 -0.221351
2008 10 06 22:18:55.9663432	 2.7660353596634e+08 A77 1.133774 0.215680
2008 10 06 22:19:25.3423432	 2.7660356534234e+08 A77 0.014638 0.467230
2008 10 06 22:19:27.4159432	 2.7660356741594e+08 084 -1.192461 0.352799
2008 10 06 22:19:54.7183432	 2.7660359471834e+08 A77 0.336512 0.221341
2008 10 06 22:20:08.5423432	 2.7660360854234e+08 084 -2.224283 0.947179
2008 10 06 22:20:17.1823432	 2.7660361718234e+08 143 0.577996 -0.395365
2008 10 06 22:20:23.2303432	 2.7660362323034e+08 A77 0.094598 0.411621
2008 10 06 22:20:49.5823432	 2.7660364958234e+08 084 -0.506624 0.462520
2008 10 06 22:20:52.6063432	 2.7660365260634e+08 A77 -0.415409 0.170834
2008 10 06 22:20:52.6063432	 2.7660365260634e+08 A95 0.912412 1.206640
2008 10 06 22:21:11.6143432	 2.7660367161434e+08 J75 0.674277 -0.057232
2008 10 06 22:21:39.2623432	 2.7660369926234e+08 J75 0.164760 -0.184553
2008 10 06 22:21:50.4943432	 2.7660371049434e+08 473 0.233891 -0.458383
2008 10 06 22:21:52.2223432	 2.7660371222234e+08 A95 -1.481260 0.303699
2008 10 06 22:21:59.9983432	 2.7660371999834e+08 213 -0.328548 -0.242342
2008 10 06 22:22:11.7487432	 2.7660373174874e+08 084 -0.613078 -0.004249
2008 10 06 22:22:42.3343432	 2.7660376233434e+08 J47 -0.017378 -0.141368
2008 10 06 22:22:49.2463432	 2.7660376924634e+08 A86 2.114590 0.474837
2008 10 06 22:23:30.7183432	 2.7660381071834e+08 A86 1.950648 0.097775
2008 10 06 22:23:37.6303432	 2.7660381763034e+08 J47 -0.218237 -0.013507
2008 10 06 22:23:43.6783432	 2.7660382367834e+08 213 -0.678220 -0.288545
2008 10 06 22:24:26.8783432	 2.7660386687834e+08 J47 0.296151 -0.279294
2008 10 06 22:25:32.5423432	 2.7660393254234e+08 J47 0.295365 -0.102965
2008 10 06 22:25:42.3919432	 2.7660394239194e+08 084 -0.376364 0.099994
2008 10 06 22:26:24.1231432	 2.7660398412314e+08 084 2.457122 -0.644727
2008 10 06 22:26:34.7503432	 2.7660399475034e+08 J47 0.315233 -0.020183
2008 10 06 22:27:13.6303432	 2.7660403363034e+08 473 0.528293 -0.341499
2008 10 06 22:27:32.6383432	 2.7660405263834e+08 J47 0.412675 -0.022130
2008 10 06 22:27:43.0063432	 2.7660406300634e+08 952 -0.161153 -0.385502
2008 10 06 22:28:26.2063432	 2.7660410620634e+08 143 0.565003 0.041063
2008 10 06 22:28:26.2063432	 2.7660410620634e+08 J47 0.031618 -0.095286
2008 10 06 22:29:09.6655432	 2.7660414966554e+08 084 -2.575464 0.748899
2008 10 06 22:29:46.5583432	 2.7660418655834e+08 952 0.286288 0.138655
2008 10 06 22:29:50.8783432	 2.7660419087834e+08 J47 -0.031554 -0.206599
2008 10 06 22:29:51.0511432	 2.7660419105114e+08 084 -2.168092 0.332661
2008 10 06 22:30:39.2623432	 2.7660423926234e+08 213 0.138481 -0.026054
2008 10 06 22:31:13.8223432	 2.7660427382234e+08 J47 0.176523 -0.154137
2008 10 06 22:31:55.2079432	 2.7660431520794e+08 084 1.188125 0.093156
2008 10 06 22:32:16.0303432	 2.7660433603034e+08 213 -0.088337 -0.505263
2008 10 06 22:33:17.3743432	 2.7660439737434e+08 J47 0.246814 -0.075597
2008 10 06 22:33:23.4223432	 2.7660440342234e+08 473 0.693553 -0.303565
2008 10 06 22:33:46.7503432	 2.7660442675034e+08 143 0.837118 -0.192809
2008 10 06 22:33:52.7983432	 2.7660443279834e+08 A95 0.474163 0.018631
2008 10 06 22:33:54.7855432	 2.7660443478554e+08 084 -1.045556 0.385576
2008 10 06 22:34:14.3983432	 2.7660445439834e+08 952 -0.514192 -0.219061
2008 10 06 22:34:35.9983432	 2.7660447599834e+08 J47 0.006350 -0.138812
2008 10 06 22:34:36.3439432	 2.7660447634394e+08 084 1.399471 -0.063689
2008 10 06 22:35:17.9023432	 2.7660451790234e+08 084 2.356373 -0.275998
2008 10 06 22:35:27.8383432	 2.7660452783834e+08 213 0.086673 -0.342887
2008 10 06 22:35:38.2063432	 2.7660453820634e+08 J47 0.065067 -0.314927
2008 10 06 22:36:38.6863432	 2.7660459868634e+08 J75 1.127892 0.177419
2008 10 06 22:36:43.8703432	 2.7660460387034e+08 J47 0.121197 -0.297973
2008 10 06 22:37:33.3775432	 2.7660465337754e+08 084 0.602542 0.047490
2008 10 06 22:37:40.0303432	 2.7660466003034e+08 J47 0.539338 -0.181941
2008 10 06 22:37:43.4863432	 2.7660466348634e+08 213 0.240745 -0.416575
2008 10 06 22:38:03.3583432	 2.7660468335834e+08 J75 -0.197671 -0.301095
2008 10 06 22:38:47.4223432	 2.7660472742234e+08 213 0.324869 -0.791559
2008 10 06 22:39:03.8383432	 2.7660474383834e+08 J47 0.903095 0.072954
2008 10 06 22:39:07.8127432	 2.7660474781274e+08 084 0.803982 -0.088484
2008 10 06 22:39:33.2143432	 2.7660477321434e+08 473 0.807791 -0.469411
2008 10 06 22:40:15.5503432	 2.7660481555034e+08 J47 0.255608 -0.168421
2008 10 06 22:41:25.5343432	 2.7660488553434e+08 J47 0.303948 -0.096028
2008 10 06 22:41:35.9023432	 2.7660489590234e+08 J53 0.806911 -0.342879
2008 10 06 22:42:40.7023432	 2.7660496070234e+08 J53 0.378966 -0.369604
2008 10 06 22:43:01.4383432	 2.7660498143834e+08 J47 0.631419 -0.140425
2008 10 06 22:43:27.3583432	 2.7660500735834e+08 213 -0.142213 -0.192620
2008 10 06 22:43:55.0063432	 2.7660503500634e+08 J47 0.355983 -0.235509
2008 10 06 22:46:13.2463432	 2.7660517324634e+08 J53 -0.053104 -0.458700
2008 10 06 22:47:07.6783432	 2.7660522767834e+08 213 -0.654065 -0.387962
2008 10 06 22:47:19.7743432	 2.7660523977434e+08 143 0.107696 -0.259774
2008 10 06 22:47:45.6943432	 2.7660526569434e+08 J47 -0.165315 -0.129643
2008 10 06 22:49:05.1823432	 2.7660534518234e+08 143 0.581176 -0.130113
2008 10 06 22:49:19.8703432	 2.7660535987034e+08 J47 0.480582 -0.057988
2008 10 06 22:49:44.0623432	 2.7660538406234e+08 213 -0.526268 -0.103580
2008 10 06 22:50:48.8623432	 2.7660544886234e+08 J47 0.349871 -0.256356
2008 10 06 22:52:16.9903432	 2.7660553699034e+08 J47 -0.123430 -0.219967
2008 10 06 22:52:39.4543432	 2.7660555945434e+08 213 0.195954 -0.667601
2008 10 06 22:53:14.0143432	 2.7660559401434e+08 J75 0.019975 -0.109701
2008 10 06 22:53:48.5743432	 2.7660562857434e+08 J47 0.118863 -0.381211
2008 10 06 22:53:59.8063432	 2.7660563980634e+08 213 0.225469 -0.204283
2008 10 06 22:54:17.9503432	 2.7660565795034e+08 473 0.433737 -0.378293
2008 10 06 22:54:37.2175432	 2.7660567721754e+08 084 1.916024 -0.076351
2008 10 06 22:55:11.5183432	 2.7660571151834e+08 J47 0.466679 -0.161630
2008 10 06 22:56:11.3071432	 2.7660577130714e+08 084 1.299011 -0.563620
2008 10 06 22:56:42.6703432	 2.7660580267034e+08 084 -1.210304 0.695274
2008 10 06 22:56:48.2863432	 2.7660580828634e+08 J47 0.587234 0.091733
2008 10 06 22:57:13.9471432	 2.7660583394714e+08 084 -0.643004 0.167751
2008 10 06 22:57:45.3967432	 2.7660586539674e+08 084 1.175020 0.196153
2008 10 06 22:58:03.4543432	 2.7660588345434e+08 213 0.049742 -0.556229
2008 10 06 22:58:16.6735432	 2.7660589667354e+08 084 -1.755930 0.424311
2008 10 06 22:58:24.1903432	 2.7660590419034e+08 473 0.721636 -0.201791
2008 10 06 22:58:33.6943432	 2.7660591369434e+08 J47 0.354611 -0.127482
2008 10 06 22:58:48.2095432	 2.7660592820954e+08 084 0.664427 -0.076633
2008 10 06 22:59:17.7583432	 2.7660595775834e+08 J47 0.759257 -0.051765
2008 10 06 22:59:19.5727432	 2.7660595957274e+08 084 -0.772176 0.322411
2008 10 06 22:59:28.8175432	 2.7660596881754e+08 J95 -0.197390 -0.393565
2008 10 06 22:59:29.8543432	 2.7660596985434e+08 952 0.109443 -1.468947
2008 10 06 22:59:37.6303432	 2.7660597763034e+08 A77 0.027014 0.242207
2008 10 06 22:59:55.7743432	 2.7660599577434e+08 A77 0.197047 0.216154
2008 10 06 23:00:02.6863432	 2.7660600268634e+08 J47 0.112798 -0.362659
2008 10 06 23:00:11.4991432	 2.7660601149914e+08 084 1.845756 -0.306852
2008 10 06 23:00:13.0543432	 2.7660601305434e+08 A77 0.557439 0.016892
2008 10 06 23:00:16.5967432	 2.7660601659674e+08 J95 -0.284964 -0.218335
2008 10 06 23:00:31.1983432	 2.7660603119834e+08 A77 0.371567 0.194505
2008 10 06 23:00:38.1103432	 2.7660603811034e+08 J47 0.297199 -0.228365
2008 10 06 23:00:42.9487432	 2.7660604294874e+08 084 -2.195278 1.083133
2008 10 06 23:00:49.3423432	 2.7660604934234e+08 A77 0.303963 0.374012
2008 10 06 23:01:08.3503432	 2.7660606835034e+08 A77 0.575447 0.130773
2008 10 06 23:01:09.2143432	 2.7660606921434e+08 J47 0.516278 -0.043064
2008 10 06 23:01:14.2255432	 2.7660607422554e+08 084 0.919708 0.073094
2008 10 06 23:01:27.3583432	 2.7660608735834e+08 A77 0.070562 -0.010365
2008 10 06 23:01:44.6383432	 2.7660610463834e+08 J47 0.788801 0.027843
2008 10 06 23:01:45.6751432	 2.7660610567514e+08 084 1.851803 -0.278315
2008 10 06 23:01:46.3663432	 2.7660610636634e+08 A77 0.423363 0.050607
2008 10 06 23:01:48.0943432	 2.7660610809434e+08 213 -0.130670 -0.402068
2008 10 06 23:02:04.5103432	 2.7660612451034e+08 A77 0.080268 0.238060
2008 10 06 23:02:14.0143432	 2.7660613401434e+08 A86 1.786785 -0.241674
2008 10 06 23:02:17.0383432	 2.7660613703834e+08 084 -1.883204 0.685151
2008 10 06 23:02:20.0623432	 2.7660614006234e+08 J47 0.504194 -0.335331
2008 10 06 23:02:26.1103432	 2.7660614611034e+08 473 0.266338 -0.254539
2008 10 06 23:02:41.6623432	 2.7660616166234e+08 A77 0.257208 0.194635
2008 10 06 23:02:45.9823432	 2.7660616598234e+08 J47 0.777331 -0.000844
2008 10 06 23:02:48.4879432	 2.7660616848794e+08 084 1.042070 -0.106750
2008 10 06 23:02:54.6223432	 2.7660617462234e+08 A86 2.534741 -0.413436
2008 10 06 23:03:00.6703432	 2.7660618067034e+08 A77 0.031098 0.063970
2008 10 06 23:03:19.6783432	 2.7660619967834e+08 A77 -0.080908 0.335473
2008 10 06 23:03:34.3663432	 2.7660621436634e+08 A86 2.344787 -0.062138
2008 10 06 23:03:38.6863432	 2.7660621868634e+08 A77 0.069595 0.109156
2008 10 06 23:03:38.6863432	 2.7660621868634e+08 J47 0.684192 -0.027756
2008 10 06 23:03:57.6943432	 2.7660623769434e+08 A77 0.333885 0.085031
2008 10 06 23:04:14.1103432	 2.7660625411034e+08 J47 0.623633 -0.102246
2008 10 06 23:04:16.7023432	 2.7660625670234e+08 A77 0.266112 -0.036890
2008 10 06 23:04:35.7103432	 2.7660627571034e+08 A77 0.163244 0.143405
2008 10 06 23:04:40.8943432	 2.7660628089434e+08 J47 0.460584 -0.191598
2008 10 06 23:05:16.3183432	 2.7660631631834e+08 J47 0.490662 -0.327849
2008 10 06 23:05:55.1983432	 2.7660635519834e+08 J47 0.611160 -0.174368
2008 10 06 23:06:41.8543432	 2.7660640185434e+08 J75 1.232688 -0.147906
2008 10 06 23:06:42.7183432	 2.7660640271834e+08 J47 0.776262 -0.012005
2008 10 06 23:07:08.6383432	 2.7660642863834e+08 J47 0.707047 -0.068974
2008 10 06 23:07:28.5103432	 2.7660644851034e+08 J75 0.630147 -0.379670
2008 10 06 23:07:35.4223432	 2.7660645542234e+08 213 0.072665 -0.451408
2008 10 06 23:07:35.4223432	 2.7660645542234e+08 J47 0.542087 -0.291591
2008 10 06 23:08:01.3423432	 2.7660648134234e+08 J47 0.932308 -0.088176
2008 10 06 23:08:36.7663432	 2.7660651676634e+08 J47 0.572645 -0.128615
2008 10 06 23:09:19.9663432	 2.7660655996634e+08 J47 0.329878 -0.245011
2008 10 06 23:09:54.5263432	 2.7660659452634e+08 J47 0.771170 -0.117990
2008 10 06 23:10:10.9423432	 2.7660661094234e+08 143 1.143770 -0.483718
2008 10 06 23:10:15.2623432	 2.7660661526234e+08 213 0.413377 -0.516750
2008 10 06 23:10:30.8143432	 2.7660663081434e+08 J47 0.258934 -0.228043
2008 10 06 23:11:05.3743432	 2.7660666537434e+08 J47 0.450125 -0.174470
2008 10 06 23:11:57.2143432	 2.7660671721434e+08 J47 0.801096 -0.212080
2008 10 06 23:12:04.1263432	 2.7660672412634e+08 084 -2.206084 0.607901
2008 10 06 23:12:23.9983432	 2.7660674399834e+08 J47 0.889441 -0.165379
2008 10 06 23:12:47.4127432	 2.7660676741274e+08 J95 -0.447063 -0.247332
2008 10 06 23:12:50.7823432	 2.7660677078234e+08 J47 -0.135588 -0.540771
2008 10 06 23:12:55.9663432	 2.7660677596634e+08 213 -0.687763 -0.602329
2008 10 06 23:13:38.3023432	 2.7660681830234e+08 143 0.778924 -0.400411
2008 10 06 23:13:44.3503432	 2.7660682435034e+08 J47 0.400936 -0.058319
2008 10 06 23:14:11.5663432	 2.7660685156634e+08 084 1.829197 -0.336448
2008 10 06 23:14:19.7743432	 2.7660685977434e+08 J47 0.411332 -0.067591
2008 10 06 23:14:27.5503432	 2.7660686755034e+08 213 -0.417099 -0.260291
2008 10 06 23:14:42.9295432	 2.7660688292954e+08 084 0.823767 -0.005277
2008 10 06 23:14:51.7423432	 2.7660689174234e+08 J47 0.711885 -0.185524
2008 10 06 23:15:39.2623432	 2.7660693926234e+08 J47 0.766585 -0.093806
2008 10 06 23:15:45.6559432	 2.7660694565594e+08 084 1.962001 0.063155
2008 10 06 23:16:17.0191432	 2.7660697701914e+08 084 2.615319 -0.499056
2008 10 06 23:16:23.3263432	 2.7660698332634e+08 J47 0.439285 -0.033407
2008 10 06 23:16:48.4687432	 2.7660700846874e+08 084 -1.267227 0.592139
2008 10 06 23:16:50.1103432	 2.7660701011034e+08 J47 0.491169 -0.311653
2008 10 06 23:16:50.9743432	 2.7660701097434e+08 473 0.703648 -0.454675
2008 10 06 23:17:19.8319432	 2.7660703983194e+08 084 -1.498009 0.302444
2008 10 06 23:17:21.2143432	 2.7660704121434e+08 J47 0.339372 -0.322125
2008 10 06 23:17:47.1343432	 2.7660706713434e+08 J47 0.597790 -0.188363
2008 10 06 23:17:51.3679432	 2.7660707136794e+08 084 -2.176706 0.584438
2008 10 06 23:18:07.8703432	 2.7660708787034e+08 213 -0.023294 -0.535393
2008 10 06 23:18:09.5983432	 2.7660708959834e+08 J47 0.245439 -0.323646
2008 10 06 23:18:22.7311432	 2.7660710273114e+08 084 -1.361179 1.068460
2008 10 06 23:18:45.0223432	 2.7660712502234e+08 J47 0.534355 -0.236285
2008 10 06 23:19:10.9423432	 2.7660715094234e+08 952 0.871617 -2.005487
2008 10 06 23:19:20.4463432	 2.7660716044634e+08 J47 -0.064396 -0.190713
2008 10 06 23:19:49.7359432	 2.7660718973594e+08 084 -0.828610 0.873893
2008 10 06 23:19:55.8703432	 2.7660719587034e+08 J47 0.374506 -0.287239
2008 10 06 23:20:23.5183432	 2.7660722351834e+08 213 0.489626 -0.380154
2008 10 06 23:20:58.0783432	 2.7660725807834e+08 473 0.417365 -0.113609
2008 10 06 23:21:26.5039432	 2.7660728650394e+08 084 0.727867 0.132065
2008 10 06 23:21:41.5375432	 2.7660730153754e+08 J95 -0.293672 -0.278054
2008 10 06 23:22:29.1439432	 2.7660734914394e+08 084 0.660298 0.342383
2008 10 06 23:23:00.4207432	 2.7660738042074e+08 084 -2.022306 0.547155
2008 10 06 23:23:31.6975432	 2.7660741169754e+08 084 -1.586884 -0.808509
2008 10 06 23:24:03.0607432	 2.7660744306074e+08 084 1.734936 -0.105506
2008 10 06 23:24:45.7423432	 2.7660748574234e+08 084 -0.960598 0.217546
2008 10 06 23:25:05.1823432	 2.7660750518234e+08 473 0.361730 -0.687240
2008 10 06 23:25:07.7743432	 2.7660750777434e+08 213 -0.172339 -0.381738
2008 10 06 23:25:45.6175432	 2.7660754561754e+08 084 -0.828359 0.223890
2008 10 06 23:25:50.1103432	 2.7660755011034e+08 952 -0.943120 0.175377
2008 10 06 23:26:06.8719432	 2.7660756687194e+08 084 0.114366 0.948073
2008 10 06 23:26:28.1263432	 2.7660758812634e+08 084 -0.953445 0.391396
2008 10 06 23:26:49.5535432	 2.7660760955354e+08 084 1.604840 0.192759
2008 10 06 23:27:07.8703432	 2.7660762787034e+08 213 -0.219745 -0.116250
2008 10 06 23:27:07.8703432	 2.7660762787034e+08 J47 0.701155 -0.181695
2008 10 06 23:27:10.7215432	 2.7660763072154e+08 084 -2.359489 0.355349
2008 10 06 23:27:31.9759432	 2.7660765197594e+08 084 -0.530485 -0.443212
2008 10 06 23:28:02.3023432	 2.7660768230234e+08 952 -0.521168 -1.497465
2008 10 06 23:28:04.5487432	 2.7660768454874e+08 084 0.494054 0.353074
2008 10 06 23:28:25.5439432	 2.7660770554394e+08 084 0.299853 0.044962
2008 10 06 23:28:38.5903432	 2.7660771859034e+08 J47 0.308608 -0.182290
2008 10 06 23:28:47.4031432	 2.7660772740314e+08 084 -1.721650 0.254600
2008 10 06 23:28:55.8703432	 2.7660773587034e+08 J47 0.255036 -0.336538
2008 10 06 23:29:08.4847432	 2.7660774848474e+08 084 -0.371458 0.306001
2008 10 06 23:29:29.9119432	 2.7660776991194e+08 084 -0.933108 0.357138
2008 10 06 23:29:51.0799432	 2.7660779107994e+08 084 -0.124046 0.268491
2008 10 06 23:29:58.9423432	 2.7660779894234e+08 J47 1.242984 -0.271022
2008 10 06 23:30:39.5503432	 2.7660783955034e+08 J47 0.545561 -0.201487
2008 10 06 23:31:27.9343432	 2.7660788793434e+08 J47 1.279187 -0.087373
2008 10 06 23:31:41.7583432	 2.7660790175834e+08 J47 1.088596 -0.200171
2008 10 06 23:31:54.9775432	 2.7660791497754e+08 J95 -0.108399 -0.342142
2008 10 06 23:32:33.5983432	 2.7660795359834e+08 J47 0.498379 -0.165348
2008 10 06 23:32:55.8895432	 2.7660797588954e+08 J95 -0.112819 -0.306023
2008 10 06 23:33:29.9311432	 2.7660800993114e+08 084 -0.497952 0.644104
2008 10 06 23:33:51.2719432	 2.7660803127194e+08 084 0.551268 0.131991
2008 10 06 23:34:12.0943432	 2.7660805209434e+08 J47 1.106197 -0.155042
2008 10 06 23:34:16.4143432	 2.7660805641434e+08 213 0.593650 -0.745400
2008 10 06 23:34:33.8671432	 2.7660807386714e+08 084 0.103969 0.051880
2008 10 06 23:34:44.0623432	 2.7660808406234e+08 J47 0.942993 -0.244066
2008 10 06 23:35:16.3759432	 2.7660811637594e+08 084 -0.444382 0.237948
2008 10 06 23:35:18.6223432	 2.7660811862234e+08 J47 1.189143 -0.163134
2008 10 06 23:35:37.8031432	 2.7660813780314e+08 084 -0.213146 0.356984
2008 10 06 23:35:58.3663432	 2.7660815836634e+08 213 0.295392 -0.370833
2008 10 06 23:35:59.0575432	 2.7660815905754e+08 084 -0.926515 0.155392
2008 10 06 23:36:21.0031432	 2.7660818100314e+08 084 -0.535521 0.049510
2008 10 06 23:36:27.7423432	 2.7660818774234e+08 J47 1.131913 -0.149741
2008 10 06 23:36:42.2575432	 2.7660820225754e+08 084 0.955857 0.193383
2008 10 06 23:37:01.4383432	 2.7660822143834e+08 J47 1.194270 -0.118241
2008 10 06 23:37:16.6447432	 2.7660823664474e+08 084 -1.928358 0.586995
2008 10 06 23:37:37.8127432	 2.7660825781274e+08 084 -0.275747 0.568191
2008 10 06 23:37:42.0463432	 2.7660826204634e+08 J47 1.343489 0.055860
2008 10 06 23:37:58.9807432	 2.7660827898074e+08 084 -1.986418 1.272101
2008 10 06 23:38:07.1023432	 2.7660828710234e+08 J47 0.797330 -0.395207
2008 10 06 23:38:21.3583432	 2.7660830135834e+08 084 0.391731 0.409646
2008 10 06 23:38:42.6991432	 2.7660832269914e+08 084 -1.246192 0.705281
2008 10 06 23:38:44.2543432	 2.7660832425434e+08 J47 1.462656 -0.120602
2008 10 06 23:38:58.9423432	 2.7660833894234e+08 213 -0.488546 -0.187558
2008 10 06 23:39:04.1263432	 2.7660834412634e+08 084 -0.838062 -0.253199
2008 10 06 23:39:25.3807432	 2.7660836538074e+08 084 -1.669791 0.667162
2008 10 06 23:39:29.1823432	 2.7660836918234e+08 J47 0.476566 -0.352163
2008 10 06 23:39:45.5983432	 2.7660838559834e+08 473 0.553580 -0.272887
2008 10 06 23:39:46.7215432	 2.7660838672154e+08 084 -0.158672 0.433681
2008 10 06 23:40:08.0623432	 2.7660840806234e+08 084 -0.675417 -0.075898
2008 10 06 23:40:14.1103432	 2.7660841411034e+08 J47 0.937548 -0.472076
2008 10 06 23:40:18.4303432	 2.7660841843034e+08 A77 0.493676 -0.139770
2008 10 06 23:40:29.3167432	 2.7660842931674e+08 084 0.896193 -0.184215
2008 10 06 23:40:37.4383432	 2.7660843743834e+08 A77 0.746955 -0.201143
2008 10 06 23:40:56.4463432	 2.7660845644634e+08 A77 0.642419 0.141881
2008 10 06 23:41:20.0335432	 2.7660848003354e+08 084 -1.987467 0.955704
2008 10 06 23:41:28.4143432	 2.7660848841434e+08 J47 1.230355 -0.297536
2008 10 06 23:41:33.5983432	 2.7660849359834e+08 A77 0.741122 0.447874
2008 10 06 23:41:41.3743432	 2.7660850137434e+08 084 -0.681808 0.452285
2008 10 06 23:41:51.7423432	 2.7660851174234e+08 A77 0.057871 0.110502
2008 10 06 23:41:56.0623432	 2.7660851606234e+08 213 -0.856903 -0.474487
2008 10 06 23:42:03.8383432	 2.7660852383834e+08 J47 0.443895 -0.430594
2008 10 06 23:42:09.0223432	 2.7660852902234e+08 A77 1.151584 0.083492
2008 10 06 23:42:24.3151432	 2.7660854431514e+08 084 0.154247 0.289521
2008 10 06 23:42:28.0303432	 2.7660854803034e+08 A77 1.493072 0.048116
2008 10 06 23:42:37.5343432	 2.7660855753434e+08 J47 1.462220 -0.095365
2008 10 06 23:42:45.7423432	 2.7660856574234e+08 084 -0.268117 0.684246
2008 10 06 23:42:46.1743432	 2.7660856617434e+08 A77 0.342662 -0.276845
2008 10 06 23:43:05.1823432	 2.7660858518234e+08 A77 0.264560 -0.203262
2008 10 06 23:43:07.2559432	 2.7660858725594e+08 084 -0.441586 0.927797
2008 10 06 23:43:19.0063432	 2.7660859900634e+08 J47 0.109612 -2.138728
2008 10 06 23:43:23.3263432	 2.7660860332634e+08 A77 0.333701 -0.219615
2008 10 06 23:43:28.5967432	 2.7660860859674e+08 084 -0.959487 0.649767
2008 10 06 23:43:41.4703432	 2.7660862147034e+08 A77 0.047920 -0.531724
2008 10 06 23:43:52.7023432	 2.7660863270234e+08 J47 0.983797 -0.219920
2008 10 06 23:44:11.3647432	 2.7660865136474e+08 084 -0.604173 0.293895
2008 10 06 23:44:12.5743432	 2.7660865257434e+08 J47 1.318095 0.112571
2008 10 06 23:44:32.7055432	 2.7660867270554e+08 084 0.517810 -0.107368
2008 10 06 23:44:54.3919432	 2.7660869439194e+08 J95 -0.148564 -0.399703
2008 10 06 23:45:00.0943432	 2.7660870009434e+08 J47 1.536068 0.058676
2008 10 06 23:45:02.6863432	 2.7660870268634e+08 A86 2.803593 0.170530
2008 10 06 23:45:08.5615432	 2.7660870856154e+08 084 0.435722 0.261771
2008 10 06 23:45:31.1983432	 2.7660873119834e+08 J47 1.356603 -0.423468
2008 10 06 23:45:32.4079432	 2.7660873240794e+08 084 0.391658 0.532631
2008 10 06 23:45:58.1551432	 2.7660875815514e+08 084 -0.563380 -0.227904
2008 10 06 23:46:05.7583432	 2.7660876575834e+08 J47 1.132111 -0.035505
2008 10 06 23:46:20.4463432	 2.7660878044634e+08 J47 0.737154 -0.397975
2008 10 06 23:46:27.3583432	 2.7660878735834e+08 J47 0.973275 -0.272148
2008 10 06 23:46:29.0863432	 2.7660878908634e+08 213 -0.303799 -0.448033
2008 10 06 23:47:01.9183432	 2.7660882191834e+08 J47 1.428661 -0.377710
2008 10 06 23:47:29.5663432	 2.7660884956634e+08 J47 0.921667 -0.444029
2008 10 06 23:47:59.8063432	 2.7660887980634e+08 473 0.749972 -0.250911
2008 10 06 23:48:46.4623432	 2.7660892646234e+08 213 -0.024736 -0.857253
2008 10 06 23:49:36.5743432	 2.7660897657434e+08 J75 1.684475 -0.261207
2008 10 06 23:49:54.7183432	 2.7660899471834e+08 J75 1.399034 -0.303294
2008 10 06 23:51:22.8463432	 2.7660908284634e+08 213 -0.204313 -0.371995
2008 10 06 23:52:38.8783432	 2.7660915887834e+08 J75 1.013569 -0.251158
2008 10 06 23:53:14.3023432	 2.7660919430234e+08 J75 1.615658 -0.174583
2008 10 06 23:53:32.4463432	 2.7660921244634e+08 J75 1.742955 -0.254731
2008 10 06 23:54:03.8095432	 2.7660924380954e+08 084 -1.612748 0.675163
2008 10 06 23:54:44.4175432	 2.7660928441754e+08 084 -1.047412 0.409378
2008 10 06 23:55:26.8399432	 2.7660932683994e+08 084 0.400480 -0.168140
2008 10 06 23:55:32.5423432	 2.7660933254234e+08 473 1.179805 -0.521452
2008 10 06 23:56:09.4351432	 2.7660936943514e+08 084 -1.528996 0.733200
2008 10 06 23:56:30.7759432	 2.7660939077594e+08 084 -0.496139 0.194952
2008 10 06 23:56:52.2031432	 2.7660941220314e+08 084 0.597704 0.116517
2008 10 06 23:57:13.6303432	 2.7660943363034e+08 084 -0.663225 0.070386
2008 10 06 23:57:35.8351432	 2.7660945583514e+08 084 1.208794 -0.289080
2008 10 06 23:57:57.4351432	 2.7660947743514e+08 084 1.099195 -0.112032
2008 10 06 23:58:22.7503432	 2.7660950275034e+08 J75 2.030241 -0.279430
2008 10 06 23:58:32.9455432	 2.7660951294554e+08 084 -0.770390 0.095502
2008 10 06 23:58:54.6319432	 2.7660953463194e+08 084 -1.035569 0.490285
2008 10 06 23:59:15.7135432	 2.7660955571354e+08 084 1.349690 -0.782668
2008 10 06 23:59:36.7087432	 2.7660957670874e+08 084 0.458065 0.148041
2008 10 06 23:59:39.6463432	 2.7660957964634e+08 473 1.276795 -0.598478
2008 10 06 23:59:58.1359432	 2.7660959813594e+08 084 -1.013768 0.557034
2008 10 07 00:00:19.4767432	 2.7660961947674e+08 084 -0.257715 0.070935
2008 10 07 00:00:40.8175432	 2.7660964081754e+08 084 -1.862455 0.318968
2008 10 07 00:01:23.7583439	 2.7660968375834e+08 084 -0.764803 0.307414
2008 10 07 00:01:45.0991440	 2.7660970509914e+08 084 0.667270 0.259626
2008 10 07 00:01:45.7903439	 2.7660970579034e+08 213 0.034117 -0.525350
2008 10 07 00:02:15.3391439	 2.7660973533914e+08 084 -2.091524 0.137811
2008 10 07 00:02:16.8943440	 2.7660973689434e+08 J75 1.710123 -0.542176
2008 10 07 00:02:36.6799440	 2.7660975667994e+08 084 0.811169 0.075133
2008 10 07 00:02:45.4063439	 2.7660976540634e+08 213 0.268999 -0.319320
2008 10 07 00:02:58.0207440	 2.7660977802074e+08 084 -2.374450 0.648070
2008 10 07 00:03:19.5343440	 2.7660979953434e+08 084 0.159206 0.017808
2008 10 07 00:03:46.7503440	 2.7660982675034e+08 473 0.890066 -0.579546
2008 10 07 00:04:23.3839440	 2.7660986338394e+08 084 -0.819125 0.100776
2008 10 07 00:04:35.2207440	 2.7660987522074e+08 J75 1.192597 -0.417948
2008 10 07 00:04:44.7247440	 2.7660988472474e+08 084 -1.997035 0.555413
2008 10 07 00:05:26.1103439	 2.7660992611034e+08 J53 -0.125027 -0.929593
2008 10 07 00:05:27.4063439	 2.7660992740634e+08 084 -2.679709 0.276176
2008 10 07 00:05:43.2175440	 2.7660994321754e+08 J75 2.070963 -0.450017
2008 10 07 00:05:47.7103440	 2.7660994771034e+08 J53 -0.627487 -0.975815
2008 10 07 00:05:52.0303440	 2.7660995203034e+08 213 -0.934827 -0.631590
2008 10 07 00:06:00.3247440	 2.7660996032474e+08 084 0.285426 0.172104
2008 10 07 00:06:18.2095440	 2.7660997820954e+08 J75 1.090871 -0.289003
2008 10 07 00:06:21.7519440	 2.7660998175194e+08 084 -2.396779 0.728976
2008 10 07 00:06:32.6383439	 2.7660999263834e+08 A77 1.528968 0.347944
2008 10 07 00:06:43.1791440	 2.7661000317914e+08 084 -0.902381 0.524402
2008 10 07 00:06:49.0543439	 2.7661000905434e+08 A77 1.082683 0.230646
2008 10 07 00:07:04.6063440	 2.7661002460634e+08 084 -0.444111 0.258648
2008 10 07 00:07:05.4703440	 2.7661002547034e+08 A77 0.417568 0.019222
2008 10 07 00:07:21.0223439	 2.7661004102234e+08 A77 1.497235 -0.001935
2008 10 07 00:07:26.2927440	 2.7661004629274e+08 084 -0.528147 0.428674
2008 10 07 00:07:38.3023440	 2.7661005830234e+08 A77 1.103563 0.114156
2008 10 07 00:07:47.6335440	 2.7661006763354e+08 084 -0.077125 0.209455
2008 10 07 00:07:55.5823439	 2.7661007558234e+08 A77 0.333762 0.436886
2008 10 07 00:08:08.9743440	 2.7661008897434e+08 084 1.123276 -0.170450
2008 10 07 00:08:11.1343440	 2.7661009113434e+08 A77 1.801458 -0.066941
2008 10 07 00:08:28.4143440	 2.7661010841434e+08 A77 0.434735 -0.231467
2008 10 07 00:08:30.3151440	 2.7661011031514e+08 084 -1.246347 0.389234
2008 10 07 00:08:36.1903440	 2.7661011619034e+08 J53 -0.331795 -0.926566
2008 10 07 00:08:44.8303440	 2.7661012483034e+08 A77 0.673952 -0.206492
2008 10 07 00:08:50.0143440	 2.7661013001434e+08 J53 -0.282216 -0.994085
2008 10 07 00:08:51.6559439	 2.7661013165594e+08 084 -1.677036 0.288781
2008 10 07 00:09:13.0831440	 2.7661015308314e+08 084 -1.645775 0.461505
2008 10 07 00:09:59.1343440	 2.7661019913434e+08 473 0.080177 -0.562771
2008 10 07 00:12:27.7423440	 2.7661034774234e+08 213 -0.593567 -0.386209
2008 10 07 00:13:05.7583439	 2.7661038575834e+08 473 0.854203 -0.396838
2008 10 07 00:15:49.6591440	 2.7661054965914e+08 084 -1.802828 0.793410
2008 10 07 00:16:11.0863440	 2.7661057108634e+08 084 -1.273977 0.515806
2008 10 07 00:16:12.3823440	 2.7661057238234e+08 473 0.893062 -0.563050
2008 10 07 00:16:32.3407440	 2.7661059234074e+08 084 -2.402349 0.811739
2008 10 07 00:16:54.5455440	 2.7661061454554e+08 084 -2.365285 1.259544
2008 10 07 00:16:54.7183440	 2.7661061471834e+08 J75 2.484397 -0.533406
2008 10 07 00:17:11.6527439	 2.7661063165274e+08 J75 1.385413 -0.587838
2008 10 07 00:17:15.8863440	 2.7661063588634e+08 084 -1.453627 0.487866
2008 10 07 00:17:27.7231439	 2.7661064772314e+08 J75 1.262257 -0.604693
2008 10 07 00:18:33.8191440	 2.7661071381914e+08 084 -2.586911 0.729268
2008 10 07 00:18:55.3327440	 2.7661073533274e+08 084 -1.293169 0.557653
2008 10 07 00:19:16.8463439	 2.7661075684634e+08 084 -2.411450 0.636042
2008 10 07 00:19:38.3599440	 2.7661077835994e+08 084 2.248694 -0.435188
2008 10 07 00:19:59.9599440	 2.7661079995994e+08 084 2.253503 -0.217079
2008 10 07 00:20:40.8271440	 2.7661084082714e+08 084 -1.785462 0.321765
2008 10 07 00:20:42.8143440	 2.7661084281434e+08 473 0.874772 -0.477628
2008 10 07 00:20:57.1567440	 2.7661085715674e+08 084 -1.469517 0.901757
2008 10 07 00:20:59.2303439	 2.7661085923034e+08 932 1.245439 -0.502429
2008 10 07 00:21:13.6591440	 2.7661087365914e+08 084 -0.385148 0.090395
2008 10 07 00:21:30.1615440	 2.7661089016154e+08 084 0.441081 0.109923
2008 10 07 00:21:44.6767440	 2.7661090467674e+08 J75 2.513523 -0.638880
2008 10 07 00:22:00.7471440	 2.7661092074714e+08 084 -2.542467 0.928940
2008 10 07 00:22:17.0767440	 2.7661093707674e+08 084 -0.369208 0.857780
2008 10 07 00:22:17.6815440	 2.7661093768154e+08 J75 1.136672 -0.817471
2008 10 07 00:22:33.4927440	 2.7661095349274e+08 084 -1.593994 1.257640
2008 10 07 00:22:33.6655440	 2.7661095366554e+08 J75 1.755918 -0.875125
2008 10 07 00:22:43.7743440	 2.7661096377434e+08 932 0.917959 -0.442731
2008 10 07 00:22:49.6495440	 2.7661096964954e+08 J75 1.990128 -0.935659
2008 10 07 00:22:49.7359440	 2.7661096973594e+08 084 -1.116568 0.108457
2008 10 07 00:23:06.0655440	 2.7661098606554e+08 084 -1.208338 0.630659
2008 10 07 00:23:22.3951440	 2.7661100239514e+08 084 -0.666063 0.384348
2008 10 07 00:23:36.4783440	 2.7661101647834e+08 932 -1.018336 -0.424499
2008 10 07 00:23:38.8111439	 2.7661101881114e+08 084 -0.547501 0.310458
2008 10 07 00:23:55.3135440	 2.7661103531354e+08 084 -1.152909 0.709686
2008 10 07 00:24:11.8159440	 2.7661105181594e+08 084 -0.979412 0.341648
2008 10 07 00:24:28.3183439	 2.7661106831834e+08 084 0.717162 0.306541
2008 10 07 00:26:17.1823440	 2.7661117718234e+08 932 0.216769 -0.520734
2008 10 07 00:26:18.9103440	 2.7661117891034e+08 473 0.430005 -0.421430
2008 10 07 00:26:35.6719440	 2.7661119567194e+08 J75 1.799046 -0.565461
2008 10 07 00:26:51.6559439	 2.7661121165594e+08 J75 1.824348 -0.669613
2008 10 07 00:26:56.6671440	 2.7661121666714e+08 084 -0.134756 0.319925
2008 10 07 00:27:04.7023440	 2.7661122470234e+08 932 0.974359 -0.304352
2008 10 07 00:27:13.9471440	 2.7661123394714e+08 084 -2.210968 0.312405
2008 10 07 00:27:30.1903440	 2.7661125019034e+08 084 -0.268859 -0.075470
2008 10 07 00:27:46.3471440	 2.7661126634714e+08 084 -1.103087 0.527547
2008 10 07 00:28:02.6767440	 2.7661128267674e+08 084 -0.317211 0.951936
2008 10 07 00:28:19.0927439	 2.7661129909274e+08 084 -1.018667 0.555224
2008 10 07 00:28:35.4223440	 2.7661131542234e+08 084 -0.179175 0.550225
2008 10 07 00:28:51.8383440	 2.7661133183834e+08 084 -1.872343 1.024935
2008 10 07 00:29:08.2543440	 2.7661134825434e+08 084 -1.753769 0.835781
2008 10 07 00:29:24.6703439	 2.7661136467034e+08 084 -0.568903 0.382988
2008 10 07 00:29:25.5343440	 2.7661136553434e+08 473 1.237226 -0.523770
2008 10 07 00:29:55.3423440	 2.7661139534234e+08 084 -1.127812 -0.135855
2008 10 07 00:30:11.8447440	 2.7661141184474e+08 084 -1.378858 0.462021
2008 10 07 00:30:28.2607440	 2.7661142826074e+08 084 -2.175764 0.552224
2008 10 07 00:30:44.6767440	 2.7661144467674e+08 084 -0.568946 -0.020093
2008 10 07 00:31:00.9199440	 2.7661146091994e+08 084 -0.815582 -0.046110
2008 10 07 00:31:33.6655440	 2.7661149366554e+08 084 -0.152318 -0.248138
2008 10 07 00:31:50.0815440	 2.7661151008154e+08 084 -1.597601 -0.368781
2008 10 07 00:32:06.4111440	 2.7661152641114e+08 084 -1.054971 1.302734
2008 10 07 00:32:22.8271440	 2.7661154282714e+08 084 -1.125969 1.259470
2008 10 07 00:33:06.0271440	 2.7661158602714e+08 084 -0.878968 -0.345555
2008 10 07 00:33:22.6159440	 2.7661160261594e+08 084 -0.918382 1.049544
2008 10 07 00:33:39.1183440	 2.7661161911834e+08 084 -1.356370 0.837879
2008 10 07 00:33:55.5343440	 2.7661163553434e+08 084 -0.999719 0.319075
2008 10 07 00:34:12.0367439	 2.7661165203674e+08 084 0.519963 0.088985
2008 10 07 00:34:28.7119440	 2.7661166871194e+08 084 -0.863373 0.496857
2008 10 07 00:35:58.2223440	 2.7661175822234e+08 J75 1.991125 -0.654297
2008 10 07 00:36:13.1695440	 2.7661177316954e+08 J75 1.818905 -0.976195
2008 10 07 00:36:31.4863440	 2.7661179148634e+08 932 -0.523996 -0.369461
2008 10 07 00:36:43.1503440	 2.7661180315034e+08 J75 1.897507 -0.842391
2008 10 07 00:36:54.9871439	 2.7661181498714e+08 084 -0.209152 -0.104023
2008 10 07 00:37:11.4031440	 2.7661183140314e+08 084 0.092009 0.379108
2008 10 07 00:37:27.7327440	 2.7661184773274e+08 084 -1.045876 0.755325
2008 10 07 00:37:39.7423440	 2.7661185974234e+08 A77 1.176493 -0.338404
2008 10 07 00:37:43.9759440	 2.7661186397594e+08 084 -1.982474 0.424222
2008 10 07 00:37:56.1583440	 2.7661187615834e+08 A77 1.024396 -0.133028
2008 10 07 00:38:00.3919439	 2.7661188039194e+08 084 -0.931013 0.239130
2008 10 07 00:38:12.5743440	 2.7661189257434e+08 A77 1.486526 -0.214172
2008 10 07 00:38:16.8079439	 2.7661189680794e+08 084 -0.774118 0.998781
2008 10 07 00:38:23.8063440	 2.7661190380634e+08 932 -0.278129 -0.363514
2008 10 07 00:38:28.1263440	 2.7661190812634e+08 A77 1.390581 -0.352196
2008 10 07 00:38:45.4063439	 2.7661192540634e+08 A77 1.724776 -0.135578
2008 10 07 00:39:02.6863440	 2.7661194268634e+08 A77 -0.463174 -0.203655
2008 10 07 00:39:16.9423440	 2.7661195694234e+08 084 -1.158615 0.536900
2008 10 07 00:39:19.1023440	 2.7661195910234e+08 A77 1.549899 -0.629029
2008 10 07 00:39:33.3583440	 2.7661197335834e+08 084 -0.369825 0.909169
2008 10 07 00:39:49.9471440	 2.7661198994714e+08 084 -1.784209 1.133612
2008 10 07 00:39:53.6623440	 2.7661199366234e+08 A77 -1.018912 -0.089021
2008 10 07 00:40:06.3631440	 2.7661200636314e+08 084 -2.051911 1.299619
2008 10 07 00:40:22.9519439	 2.7661202295194e+08 084 0.984891 1.419428
2008 10 07 00:40:39.3679440	 2.7661203936794e+08 084 -0.938875 0.780449
2008 10 07 00:40:55.6111440	 2.7661205561114e+08 084 -2.157359 -0.218499
2008 10 07 00:41:12.0271440	 2.7661207202714e+08 084 -0.224654 0.437822
2008 10 07 00:41:28.5295439	 2.7661208852954e+08 084 -1.343681 0.696898
2008 10 07 00:41:44.9455440	 2.7661210494554e+08 084 -0.030528 0.350588
2008 10 07 00:42:13.2847440	 2.7661213328474e+08 084 -0.408017 0.439961
2008 10 07 00:42:29.7007440	 2.7661214970074e+08 084 -1.028083 0.728189
2008 10 07 00:42:46.2031440	 2.7661216620314e+08 084 -0.536424 -0.378003
2008 10 07 00:43:02.6191440	 2.7661218261914e+08 084 -0.294981 0.510800
2008 10 07 00:43:19.1215440	 2.7661219912154e+08 084 -1.478539 0.606413
2008 10 07 00:43:52.3855440	 2.7661223238554e+08 084 -1.579102 0.822744
2008 10 07 00:43:52.9903440	 2.7661223299034e+08 611 -0.599731 0.801173
2008 10 07 00:44:08.8015440	 2.7661224880154e+08 084 0.072127 -0.081980
2008 10 07 00:44:29.2783440	 2.7661226927834e+08 932 -0.511238 -0.441062
2008 10 07 00:44:41.7199440	 2.7661228171994e+08 084 -1.082503 0.822791
2008 10 07 00:45:08.8495440	 2.7661230884954e+08 084 0.760549 -0.747258
2008 10 07 00:45:25.3519440	 2.7661232535194e+08 084 -0.698547 0.552155
2008 10 07 00:45:41.9407440	 2.7661234194074e+08 084 -0.769942 1.564523
2008 10 07 00:45:47.0383440	 2.7661234703834e+08 J53 -2.333094 -1.127999
2008 10 07 00:46:22.3759440	 2.7661238237594e+08 084 -1.038072 0.827481
2008 10 07 00:46:25.0543439	 2.7661238505434e+08 J53 -2.270079 -1.482272
2008 10 07 00:48:02.1679440	 2.7661248216794e+08 084 -1.817841 0.496780
2008 10 07 00:48:12.1903440	 2.7661249219034e+08 J53 -1.311900 -1.246812
2008 10 07 00:48:18.6703439	 2.7661249867034e+08 084 0.623241 0.587554
2008 10 07 00:48:35.1727440	 2.7661251517274e+08 084 -1.445700 1.237001
2008 10 07 00:48:51.5023440	 2.7661253150234e+08 084 -0.850515 0.621591
2008 10 07 00:49:07.4863440	 2.7661254748634e+08 473 1.053075 -0.790272
2008 10 07 00:49:07.9183440	 2.7661254791834e+08 084 -1.720917 0.826758
2008 10 07 00:49:24.1615440	 2.7661256416154e+08 084 -1.264704 0.566061
2008 10 07 00:49:40.5775440	 2.7661258057754e+08 084 -1.321851 0.689704
2008 10 07 00:49:57.0799440	 2.7661259707994e+08 084 -1.809919 1.236784
2008 10 07 00:50:13.4095439	 2.7661261340954e+08 084 0.072384 -0.181955
2008 10 07 00:50:29.8255439	 2.7661262982554e+08 084 -2.502368 0.923632
2008 10 07 00:50:54.7087440	 2.7661265470874e+08 084 -1.423288 0.890649
2008 10 07 00:51:11.0383440	 2.7661267103834e+08 084 -2.312264 1.087242
2008 10 07 00:51:43.7839440	 2.7661270378394e+08 084 -1.499549 0.432360
2008 10 07 00:52:00.1999440	 2.7661272019994e+08 084 -1.143704 0.282480
2008 10 07 00:52:14.1103439	 2.7661273411034e+08 473 1.095356 -0.742014
2008 10 07 00:52:33.2047440	 2.7661275320474e+08 084 -2.134676 1.308279
2008 10 07 00:52:36.5743440	 2.7661275657434e+08 A77 2.404835 -0.418070
2008 10 07 00:52:49.2751440	 2.7661276927514e+08 084 -2.735011 0.585984
2008 10 07 00:52:52.1263440	 2.7661277212634e+08 A77 0.628644 -0.598872
2008 10 07 00:53:22.3663440	 2.7661280236634e+08 A77 1.061078 -0.722632
2008 10 07 00:53:25.7359440	 2.7661280573594e+08 084 -0.738163 0.802444
2008 10 07 00:53:25.8223440	 2.7661280582234e+08 611 0.276936 0.585499
2008 10 07 00:53:37.0543439	 2.7661281705434e+08 A77 1.502487 0.032612
2008 10 07 00:53:42.1519440	 2.7661282215194e+08 084 -1.065455 0.658603
2008 10 07 00:53:51.7423440	 2.7661283174234e+08 A77 2.242756 -0.694435
2008 10 07 00:54:07.2943440	 2.7661284729434e+08 A77 0.418331 0.019920
2008 10 07 00:54:21.9823440	 2.7661286198234e+08 A77 1.447781 -0.270205
2008 10 07 00:54:36.6703439	 2.7661287667034e+08 A77 2.327677 -0.242169
2008 10 07 00:55:21.5983440	 2.7661292159834e+08 473 0.036023 -0.728715
2008 10 07 00:55:27.6463440	 2.7661292764634e+08 932 0.443673 -0.063039
2008 10 07 00:55:56.4175440	 2.7661295641754e+08 084 -1.529683 0.776678
2008 10 07 00:56:57.5023440	 2.7661301750234e+08 932 0.078304 -0.520939
2008 10 07 00:58:09.3871440	 2.7661308938714e+08 084 -2.184652 1.071136
2008 10 07 00:58:25.9759440	 2.7661310597594e+08 084 0.256819 0.412615
2008 10 07 00:59:09.2623440	 2.7661314926234e+08 084 -2.000149 0.844897
2008 10 07 00:59:25.5919440	 2.7661316559194e+08 084 -2.134473 0.844828
2008 10 07 00:59:42.0943440	 2.7661318209434e+08 084 -0.383427 -0.024445
2008 10 07 00:59:58.5967440	 2.7661319859674e+08 084 -0.070512 1.386815
2008 10 07 01:00:38.6863440	 2.7661323868634e+08 473 1.764613 -0.656549
2008 10 07 01:01:17.1343440	 2.7661327713434e+08 084 -0.218804 0.048198
2008 10 07 01:02:03.1855440	 2.7661332318554e+08 084 -2.149507 1.065406
2008 10 07 01:03:45.3103440	 2.7661342531034e+08 473 1.359302 -0.749073
2008 10 07 01:08:20.9263440	 2.7661370092634e+08 932 1.557236 -0.468658
2008 10 07 01:16:55.8703440	 2.7661421587034e+08 932 2.220106 -0.500926
2008 10 07 01:18:37.8223440	 2.7661431782234e+08 473 0.322642 -0.723580
2008 10 07 01:21:24.5743440	 2.7661448457434e+08 473 1.644990 -0.785367
2008 10 07 01:23:33.3103440	 2.7661461331034e+08 A77 1.702269 -0.430945
2008 10 07 01:23:47.9983440	 2.7661462799834e+08 A77 2.402819 -0.965293
2008 10 07 01:24:11.3263440	 2.7661465132634e+08 473 1.433952 -0.666195
2008 10 07 01:24:18.2383440	 2.7661465823834e+08 A77 1.233636 -0.797007
2008 10 07 01:25:03.1663440	 2.7661470316634e+08 A77 1.249105 -0.617449
2008 10 07 01:25:33.4063439	 2.7661473340634e+08 A77 -0.334379 -0.424174
2008 10 07 01:28:42.6223440	 2.7661492262234e+08 473 -1.643605 -0.822348
2008 10 07 01:29:24.0943440	 2.7661496409434e+08 473 0.695632 -1.080573
2008 10 07 01:31:04.3183439	 2.7661506431834e+08 932 1.281597 -1.008867
2008 10 07 01:31:29.3743439	 2.7661508937434e+08 473 -1.020825 -0.660965
